<?xml version="1.0" encoding="UTF-8"?>
<!-- Generated by org.testng.reporters.JUnitReportReporter -->
<testsuite hostname="DESKTOP-623UQF9" failures="0" tests="1" name="test.SwagLabLoginPageTest" time="36.642" errors="0" timestamp="2022-10-21T14:43:46 IST" skipped="0">
  <testcase classname="test.SwagLabLoginPageTest" name="validateSwagLogin" time="36.642"/>
  <system-out/>
</testsuite> <!-- test.SwagLabLoginPageTest -->
