<?xml version="1.0" encoding="UTF-8"?>
<!-- Generated by org.testng.reporters.JUnitReportReporter -->
<testsuite hostname="DESKTOP-623UQF9" failures="0" tests="1" name="test.SwagLabProductPageTest" time="43.546" errors="0" timestamp="2022-10-27T17:59:50 IST" skipped="0">
  <testcase classname="test.SwagLabProductPageTest" name="clickOnCancel" time="43.546"/>
  <system-out/>
</testsuite> <!-- test.SwagLabProductPageTest -->
