<?xml version="1.0" encoding="UTF-8"?>
<!-- Generated by org.testng.reporters.JUnitReportReporter -->
<testsuite hostname="DESKTOP-623UQF9" failures="0" tests="1" name="test.SwagLabProductPageTest" time="21.540" errors="0" timestamp="2022-10-25T20:23:51 IST" skipped="0">
  <testcase classname="test.SwagLabProductPageTest" name="addToCart" time="21.540"/>
  <system-out/>
</testsuite> <!-- test.SwagLabProductPageTest -->
