<?xml version="1.0" encoding="UTF-8"?>
<!-- Generated by org.testng.reporters.JUnitReportReporter -->
<testsuite hostname="DESKTOP-623UQF9" failures="0" tests="1" name="test.SwagLabProductPageTest" time="40.491" errors="0" timestamp="2022-10-26T22:15:53 IST" skipped="0">
  <testcase classname="test.SwagLabProductPageTest" name="clickOnContine" time="40.491"/>
  <system-out/>
</testsuite> <!-- test.SwagLabProductPageTest -->
